{"/home/tlfreire/Documentos/programacao/growdev/aulas-julho/arquitetura-projetos/src/core/infra/index.ts": {"path":"/home/tlfreire/Documentos/programacao/growdev/aulas-julho/arquitetura-projetos/src/core/infra/index.ts","statementMap":{"0":{"start":{"line":1,"column":0},"end":{"line":1,"column":44}},"1":{"start":{"line":2,"column":0},"end":{"line":2,"column":41}}},"fnMap":{},"branchMap":{},"s":{"0":1,"1":1},"f":{},"b":{}}
,"/home/tlfreire/Documentos/programacao/growdev/aulas-julho/arquitetura-projetos/src/core/infra/data/connections/database.ts": {"path":"/home/tlfreire/Documentos/programacao/growdev/aulas-julho/arquitetura-projetos/src/core/infra/data/connections/database.ts","statementMap":{"0":{"start":{"line":1,"column":0},"end":{"line":1,"column":55}},"1":{"start":{"line":7,"column":4},"end":{"line":9,"column":null}},"2":{"start":{"line":8,"column":6},"end":{"line":8,"column":53}},"3":{"start":{"line":11,"column":4},"end":{"line":11,"column":31}},"4":{"start":{"line":15,"column":4},"end":{"line":17,"column":null}},"5":{"start":{"line":16,"column":6},"end":{"line":16,"column":53}},"6":{"start":{"line":21,"column":4},"end":{"line":23,"column":null}},"7":{"start":{"line":22,"column":6},"end":{"line":22,"column":53}},"8":{"start":{"line":25,"column":4},"end":{"line":25,"column":38}},"9":{"start":{"line":3,"column":0},"end":{"line":3,"column":21}}},"fnMap":{"0":{"name":"(anonymous_0)","decl":{"start":{"line":6,"column":9},"end":{"line":6,"column":15}},"loc":{"start":{"line":6,"column":29},"end":{"line":12,"column":3}}},"1":{"name":"(anonymous_1)","decl":{"start":{"line":14,"column":9},"end":{"line":14,"column":14}},"loc":{"start":{"line":14,"column":29},"end":{"line":18,"column":3}}},"2":{"name":"(anonymous_2)","decl":{"start":{"line":20,"column":9},"end":{"line":20,"column":14}},"loc":{"start":{"line":20,"column":33},"end":{"line":26,"column":3}}}},"branchMap":{"0":{"loc":{"start":{"line":7,"column":4},"end":{"line":9,"column":null}},"type":"if","locations":[{"start":{"line":7,"column":4},"end":{"line":9,"column":null}},{"start":{"line":7,"column":4},"end":{"line":9,"column":null}}]},"1":{"loc":{"start":{"line":15,"column":4},"end":{"line":17,"column":null}},"type":"if","locations":[{"start":{"line":15,"column":4},"end":{"line":17,"column":null}},{"start":{"line":15,"column":4},"end":{"line":17,"column":null}}]},"2":{"loc":{"start":{"line":21,"column":4},"end":{"line":23,"column":null}},"type":"if","locations":[{"start":{"line":21,"column":4},"end":{"line":23,"column":null}},{"start":{"line":21,"column":4},"end":{"line":23,"column":null}}]}},"s":{"0":1,"1":0,"2":0,"3":0,"4":0,"5":0,"6":0,"7":0,"8":0,"9":1},"f":{"0":0,"1":0,"2":0},"b":{"0":[0,0],"1":[0,0],"2":[0,0]}}
,"/home/tlfreire/Documentos/programacao/growdev/aulas-julho/arquitetura-projetos/src/core/infra/data/connections/redis.ts": {"path":"/home/tlfreire/Documentos/programacao/growdev/aulas-julho/arquitetura-projetos/src/core/infra/data/connections/redis.ts","statementMap":{"0":{"start":{"line":1,"column":0},"end":{"line":1,"column":30}},"1":{"start":{"line":2,"column":0},"end":{"line":2,"column":23}},"2":{"start":{"line":8,"column":4},"end":{"line":10,"column":null}},"3":{"start":{"line":9,"column":6},"end":{"line":9,"column":45}},"4":{"start":{"line":12,"column":4},"end":{"line":12,"column":28}},"5":{"start":{"line":16,"column":4},"end":{"line":18,"column":null}},"6":{"start":{"line":17,"column":6},"end":{"line":17,"column":61}},"7":{"start":{"line":4,"column":0},"end":{"line":4,"column":13}},"8":{"start":{"line":5,"column":2},"end":{"line":5,"column":36}}},"fnMap":{"0":{"name":"(anonymous_3)","decl":{"start":{"line":7,"column":9},"end":{"line":7,"column":15}},"loc":{"start":{"line":7,"column":35},"end":{"line":13,"column":3}}},"1":{"name":"(anonymous_4)","decl":{"start":{"line":15,"column":9},"end":{"line":15,"column":14}},"loc":{"start":{"line":15,"column":29},"end":{"line":19,"column":3}}}},"branchMap":{"0":{"loc":{"start":{"line":8,"column":4},"end":{"line":10,"column":null}},"type":"if","locations":[{"start":{"line":8,"column":4},"end":{"line":10,"column":null}},{"start":{"line":8,"column":4},"end":{"line":10,"column":null}}]},"1":{"loc":{"start":{"line":16,"column":4},"end":{"line":18,"column":null}},"type":"if","locations":[{"start":{"line":16,"column":4},"end":{"line":18,"column":null}},{"start":{"line":16,"column":4},"end":{"line":18,"column":null}}]}},"s":{"0":1,"1":1,"2":3,"3":1,"4":3,"5":1,"6":1,"7":1,"8":1},"f":{"0":3,"1":1},"b":{"0":[1,2],"1":[1,0]}}
,"/home/tlfreire/Documentos/programacao/growdev/aulas-julho/arquitetura-projetos/src/core/infra/data/database/entities/index.ts": {"path":"/home/tlfreire/Documentos/programacao/growdev/aulas-julho/arquitetura-projetos/src/core/infra/data/database/entities/index.ts","statementMap":{"0":{"start":{"line":1,"column":0},"end":{"line":1,"column":30}},"1":{"start":{"line":2,"column":0},"end":{"line":2,"column":38}},"2":{"start":{"line":3,"column":0},"end":{"line":3,"column":33}}},"fnMap":{},"branchMap":{},"s":{"0":1,"1":1,"2":1},"f":{},"b":{}}
,"/home/tlfreire/Documentos/programacao/growdev/aulas-julho/arquitetura-projetos/src/core/infra/data/database/entities/profile-data.entity.ts": {"path":"/home/tlfreire/Documentos/programacao/growdev/aulas-julho/arquitetura-projetos/src/core/infra/data/database/entities/profile-data.entity.ts","statementMap":{"0":{"start":{"line":1,"column":0},"end":{"line":1,"column":null}},"1":{"start":{"line":11,"column":0},"end":{"line":11,"column":34}},"2":{"start":{"line":12,"column":0},"end":{"line":12,"column":43}},"3":{"start":{"line":15,"column":0},"end":{"line":55,"column":null}},"4":{"start":{"line":46,"column":4},"end":{"line":46,"column":22}},"5":{"start":{"line":47,"column":4},"end":{"line":47,"column":42}},"6":{"start":{"line":48,"column":4},"end":{"line":48,"column":42}},"7":{"start":{"line":53,"column":4},"end":{"line":53,"column":42}},"8":{"start":{"line":17,"column":2},"end":{"line":17,"column":null}},"9":{"start":{"line":20,"column":2},"end":{"line":20,"column":null}},"10":{"start":{"line":23,"column":2},"end":{"line":23,"column":null}},"11":{"start":{"line":26,"column":2},"end":{"line":26,"column":null}},"12":{"start":{"line":29,"column":2},"end":{"line":29,"column":null}},"13":{"start":{"line":32,"column":2},"end":{"line":32,"column":null}},"14":{"start":{"line":35,"column":2},"end":{"line":35,"column":null}},"15":{"start":{"line":38,"column":2},"end":{"line":38,"column":null}},"16":{"start":{"line":42,"column":2},"end":{"line":42,"column":null}},"17":{"start":{"line":40,"column":19},"end":{"line":40,"column":29}},"18":{"start":{"line":40,"column":41},"end":{"line":40,"column":57}},"19":{"start":{"line":45,"column":2},"end":{"line":49,"column":null}},"20":{"start":{"line":52,"column":2},"end":{"line":54,"column":null}},"21":{"start":{"line":15,"column":13},"end":{"line":55,"column":null}},"22":{"start":{"line":15,"column":13},"end":{"line":15,"column":30}}},"fnMap":{"0":{"name":"(anonymous_2)","decl":{"start":{"line":45,"column":10},"end":{"line":45,"column":22}},"loc":{"start":{"line":45,"column":22},"end":{"line":49,"column":3}}},"1":{"name":"(anonymous_3)","decl":{"start":{"line":52,"column":10},"end":{"line":52,"column":22}},"loc":{"start":{"line":52,"column":22},"end":{"line":54,"column":3}}},"2":{"name":"(anonymous_4)","decl":{"start":{"line":40,"column":12},"end":{"line":40,"column":13}},"loc":{"start":{"line":40,"column":19},"end":{"line":40,"column":29}}},"3":{"name":"(anonymous_5)","decl":{"start":{"line":40,"column":31},"end":{"line":40,"column":32}},"loc":{"start":{"line":40,"column":41},"end":{"line":40,"column":57}}}},"branchMap":{},"s":{"0":1,"1":1,"2":1,"3":1,"4":0,"5":0,"6":0,"7":0,"8":1,"9":1,"10":1,"11":1,"12":1,"13":1,"14":1,"15":1,"16":1,"17":0,"18":0,"19":1,"20":1,"21":1,"22":1},"f":{"0":0,"1":0,"2":0,"3":0},"b":{}}
,"/home/tlfreire/Documentos/programacao/growdev/aulas-julho/arquitetura-projetos/src/core/infra/data/database/entities/project.entity.ts": {"path":"/home/tlfreire/Documentos/programacao/growdev/aulas-julho/arquitetura-projetos/src/core/infra/data/database/entities/project.entity.ts","statementMap":{"0":{"start":{"line":1,"column":0},"end":{"line":1,"column":null}},"1":{"start":{"line":12,"column":0},"end":{"line":12,"column":34}},"2":{"start":{"line":13,"column":0},"end":{"line":13,"column":43}},"3":{"start":{"line":14,"column":0},"end":{"line":14,"column":43}},"4":{"start":{"line":17,"column":0},"end":{"line":60,"column":null}},"5":{"start":{"line":51,"column":4},"end":{"line":51,"column":22}},"6":{"start":{"line":52,"column":4},"end":{"line":52,"column":42}},"7":{"start":{"line":53,"column":4},"end":{"line":53,"column":42}},"8":{"start":{"line":58,"column":4},"end":{"line":58,"column":42}},"9":{"start":{"line":19,"column":2},"end":{"line":19,"column":null}},"10":{"start":{"line":22,"column":2},"end":{"line":22,"column":null}},"11":{"start":{"line":25,"column":2},"end":{"line":25,"column":null}},"12":{"start":{"line":28,"column":2},"end":{"line":28,"column":null}},"13":{"start":{"line":31,"column":2},"end":{"line":31,"column":null}},"14":{"start":{"line":34,"column":2},"end":{"line":34,"column":null}},"15":{"start":{"line":37,"column":2},"end":{"line":37,"column":null}},"16":{"start":{"line":40,"column":2},"end":{"line":40,"column":null}},"17":{"start":{"line":44,"column":2},"end":{"line":44,"column":null}},"18":{"start":{"line":42,"column":19},"end":{"line":42,"column":29}},"19":{"start":{"line":42,"column":41},"end":{"line":42,"column":54}},"20":{"start":{"line":47,"column":2},"end":{"line":47,"column":null}},"21":{"start":{"line":46,"column":20},"end":{"line":46,"column":30}},"22":{"start":{"line":46,"column":42},"end":{"line":46,"column":54}},"23":{"start":{"line":50,"column":2},"end":{"line":54,"column":null}},"24":{"start":{"line":57,"column":2},"end":{"line":59,"column":null}},"25":{"start":{"line":17,"column":13},"end":{"line":60,"column":null}},"26":{"start":{"line":17,"column":13},"end":{"line":17,"column":26}}},"fnMap":{"0":{"name":"(anonymous_2)","decl":{"start":{"line":50,"column":10},"end":{"line":50,"column":22}},"loc":{"start":{"line":50,"column":22},"end":{"line":54,"column":3}}},"1":{"name":"(anonymous_3)","decl":{"start":{"line":57,"column":10},"end":{"line":57,"column":22}},"loc":{"start":{"line":57,"column":22},"end":{"line":59,"column":3}}},"2":{"name":"(anonymous_4)","decl":{"start":{"line":42,"column":12},"end":{"line":42,"column":13}},"loc":{"start":{"line":42,"column":19},"end":{"line":42,"column":29}}},"3":{"name":"(anonymous_5)","decl":{"start":{"line":42,"column":31},"end":{"line":42,"column":32}},"loc":{"start":{"line":42,"column":41},"end":{"line":42,"column":54}}},"4":{"name":"(anonymous_6)","decl":{"start":{"line":46,"column":13},"end":{"line":46,"column":14}},"loc":{"start":{"line":46,"column":20},"end":{"line":46,"column":30}}},"5":{"name":"(anonymous_7)","decl":{"start":{"line":46,"column":32},"end":{"line":46,"column":33}},"loc":{"start":{"line":46,"column":42},"end":{"line":46,"column":54}}}},"branchMap":{},"s":{"0":1,"1":1,"2":1,"3":1,"4":1,"5":0,"6":0,"7":0,"8":0,"9":1,"10":1,"11":1,"12":1,"13":1,"14":1,"15":1,"16":1,"17":1,"18":0,"19":0,"20":1,"21":0,"22":0,"23":1,"24":1,"25":1,"26":1},"f":{"0":0,"1":0,"2":0,"3":0,"4":0,"5":0},"b":{}}
,"/home/tlfreire/Documentos/programacao/growdev/aulas-julho/arquitetura-projetos/src/core/infra/data/database/entities/task.entity.ts": {"path":"/home/tlfreire/Documentos/programacao/growdev/aulas-julho/arquitetura-projetos/src/core/infra/data/database/entities/task.entity.ts","statementMap":{"0":{"start":{"line":1,"column":0},"end":{"line":1,"column":null}},"1":{"start":{"line":12,"column":0},"end":{"line":12,"column":34}},"2":{"start":{"line":13,"column":0},"end":{"line":13,"column":49}},"3":{"start":{"line":16,"column":0},"end":{"line":50,"column":null}},"4":{"start":{"line":41,"column":4},"end":{"line":41,"column":22}},"5":{"start":{"line":42,"column":4},"end":{"line":42,"column":32}},"6":{"start":{"line":43,"column":4},"end":{"line":43,"column":32}},"7":{"start":{"line":48,"column":4},"end":{"line":48,"column":32}},"8":{"start":{"line":18,"column":2},"end":{"line":18,"column":null}},"9":{"start":{"line":21,"column":2},"end":{"line":21,"column":null}},"10":{"start":{"line":24,"column":2},"end":{"line":24,"column":null}},"11":{"start":{"line":27,"column":2},"end":{"line":27,"column":null}},"12":{"start":{"line":30,"column":2},"end":{"line":30,"column":null}},"13":{"start":{"line":33,"column":2},"end":{"line":33,"column":null}},"14":{"start":{"line":37,"column":2},"end":{"line":37,"column":null}},"15":{"start":{"line":35,"column":20},"end":{"line":35,"column":33}},"16":{"start":{"line":35,"column":48},"end":{"line":35,"column":61}},"17":{"start":{"line":40,"column":2},"end":{"line":44,"column":null}},"18":{"start":{"line":47,"column":2},"end":{"line":49,"column":null}},"19":{"start":{"line":16,"column":13},"end":{"line":50,"column":null}},"20":{"start":{"line":16,"column":13},"end":{"line":16,"column":23}}},"fnMap":{"0":{"name":"(anonymous_2)","decl":{"start":{"line":40,"column":10},"end":{"line":40,"column":24}},"loc":{"start":{"line":40,"column":24},"end":{"line":44,"column":3}}},"1":{"name":"(anonymous_3)","decl":{"start":{"line":47,"column":10},"end":{"line":47,"column":25}},"loc":{"start":{"line":47,"column":25},"end":{"line":49,"column":3}}},"2":{"name":"(anonymous_4)","decl":{"start":{"line":35,"column":13},"end":{"line":35,"column":14}},"loc":{"start":{"line":35,"column":20},"end":{"line":35,"column":33}}},"3":{"name":"(anonymous_5)","decl":{"start":{"line":35,"column":35},"end":{"line":35,"column":36}},"loc":{"start":{"line":35,"column":48},"end":{"line":35,"column":61}}}},"branchMap":{},"s":{"0":1,"1":1,"2":1,"3":1,"4":0,"5":0,"6":0,"7":0,"8":1,"9":1,"10":1,"11":1,"12":1,"13":1,"14":1,"15":0,"16":0,"17":1,"18":1,"19":1,"20":1},"f":{"0":0,"1":0,"2":0,"3":0},"b":{}}
,"/home/tlfreire/Documentos/programacao/growdev/aulas-julho/arquitetura-projetos/src/core/infra/data/database/entities/user.entity.ts": {"path":"/home/tlfreire/Documentos/programacao/growdev/aulas-julho/arquitetura-projetos/src/core/infra/data/database/entities/user.entity.ts","statementMap":{"0":{"start":{"line":1,"column":0},"end":{"line":1,"column":null}},"1":{"start":{"line":12,"column":0},"end":{"line":12,"column":34}},"2":{"start":{"line":13,"column":0},"end":{"line":13,"column":58}},"3":{"start":{"line":14,"column":0},"end":{"line":14,"column":49}},"4":{"start":{"line":17,"column":0},"end":{"line":50,"column":null}},"5":{"start":{"line":41,"column":4},"end":{"line":41,"column":22}},"6":{"start":{"line":42,"column":4},"end":{"line":42,"column":42}},"7":{"start":{"line":43,"column":4},"end":{"line":43,"column":42}},"8":{"start":{"line":48,"column":4},"end":{"line":48,"column":42}},"9":{"start":{"line":19,"column":2},"end":{"line":19,"column":null}},"10":{"start":{"line":22,"column":2},"end":{"line":22,"column":null}},"11":{"start":{"line":25,"column":2},"end":{"line":25,"column":null}},"12":{"start":{"line":28,"column":2},"end":{"line":28,"column":null}},"13":{"start":{"line":31,"column":2},"end":{"line":31,"column":null}},"14":{"start":{"line":34,"column":2},"end":{"line":34,"column":null}},"15":{"start":{"line":33,"column":19},"end":{"line":33,"column":36}},"16":{"start":{"line":33,"column":55},"end":{"line":33,"column":71}},"17":{"start":{"line":37,"column":2},"end":{"line":37,"column":null}},"18":{"start":{"line":36,"column":20},"end":{"line":36,"column":33}},"19":{"start":{"line":36,"column":48},"end":{"line":36,"column":60}},"20":{"start":{"line":40,"column":2},"end":{"line":44,"column":null}},"21":{"start":{"line":47,"column":2},"end":{"line":49,"column":null}},"22":{"start":{"line":17,"column":13},"end":{"line":50,"column":null}},"23":{"start":{"line":17,"column":13},"end":{"line":17,"column":23}}},"fnMap":{"0":{"name":"(anonymous_2)","decl":{"start":{"line":40,"column":10},"end":{"line":40,"column":22}},"loc":{"start":{"line":40,"column":22},"end":{"line":44,"column":3}}},"1":{"name":"(anonymous_3)","decl":{"start":{"line":47,"column":10},"end":{"line":47,"column":22}},"loc":{"start":{"line":47,"column":22},"end":{"line":49,"column":3}}},"2":{"name":"(anonymous_4)","decl":{"start":{"line":33,"column":12},"end":{"line":33,"column":13}},"loc":{"start":{"line":33,"column":19},"end":{"line":33,"column":36}}},"3":{"name":"(anonymous_5)","decl":{"start":{"line":33,"column":38},"end":{"line":33,"column":39}},"loc":{"start":{"line":33,"column":55},"end":{"line":33,"column":71}}},"4":{"name":"(anonymous_6)","decl":{"start":{"line":36,"column":13},"end":{"line":36,"column":14}},"loc":{"start":{"line":36,"column":20},"end":{"line":36,"column":33}}},"5":{"name":"(anonymous_7)","decl":{"start":{"line":36,"column":35},"end":{"line":36,"column":36}},"loc":{"start":{"line":36,"column":48},"end":{"line":36,"column":60}}}},"branchMap":{},"s":{"0":1,"1":1,"2":1,"3":1,"4":1,"5":0,"6":0,"7":0,"8":0,"9":1,"10":1,"11":1,"12":1,"13":1,"14":1,"15":0,"16":0,"17":1,"18":0,"19":0,"20":1,"21":1,"22":1,"23":1},"f":{"0":0,"1":0,"2":0,"3":0,"4":0,"5":0},"b":{}}
,"/home/tlfreire/Documentos/programacao/growdev/aulas-julho/arquitetura-projetos/src/core/infra/repositories/cache.repository.ts": {"path":"/home/tlfreire/Documentos/programacao/growdev/aulas-julho/arquitetura-projetos/src/core/infra/repositories/cache.repository.ts","statementMap":{"0":{"start":{"line":1,"column":0},"end":{"line":1,"column":50}},"1":{"start":{"line":5,"column":18},"end":{"line":5,"column":45}},"2":{"start":{"line":6,"column":4},"end":{"line":6,"column":55}},"3":{"start":{"line":14,"column":18},"end":{"line":14,"column":45}},"4":{"start":{"line":15,"column":4},"end":{"line":15,"column":66}},"5":{"start":{"line":19,"column":18},"end":{"line":19,"column":45}},"6":{"start":{"line":20,"column":18},"end":{"line":20,"column":38}},"7":{"start":{"line":21,"column":4},"end":{"line":21,"column":28}},"8":{"start":{"line":21,"column":16},"end":{"line":21,"column":28}},"9":{"start":{"line":23,"column":4},"end":{"line":23,"column":29}},"10":{"start":{"line":27,"column":18},"end":{"line":27,"column":45}},"11":{"start":{"line":28,"column":19},"end":{"line":28,"column":39}},"12":{"start":{"line":29,"column":4},"end":{"line":29,"column":24}},"13":{"start":{"line":3,"column":0},"end":{"line":3,"column":13}}},"fnMap":{"0":{"name":"(anonymous_0)","decl":{"start":{"line":4,"column":9},"end":{"line":4,"column":14}},"loc":{"start":{"line":4,"column":42},"end":{"line":7,"column":3}}},"1":{"name":"(anonymous_1)","decl":{"start":{"line":9,"column":9},"end":{"line":9,"column":14}},"loc":{"start":{"line":12,"column":15},"end":{"line":16,"column":3}}},"2":{"name":"(anonymous_2)","decl":{"start":{"line":18,"column":9},"end":{"line":18,"column":14}},"loc":{"start":{"line":18,"column":30},"end":{"line":24,"column":3}}},"3":{"name":"(anonymous_3)","decl":{"start":{"line":26,"column":9},"end":{"line":26,"column":14}},"loc":{"start":{"line":26,"column":30},"end":{"line":30,"column":3}}}},"branchMap":{"0":{"loc":{"start":{"line":21,"column":4},"end":{"line":21,"column":28}},"type":"if","locations":[{"start":{"line":21,"column":4},"end":{"line":21,"column":28}},{"start":{"line":21,"column":4},"end":{"line":21,"column":28}}]}},"s":{"0":1,"1":1,"2":1,"3":0,"4":0,"5":0,"6":0,"7":0,"8":0,"9":0,"10":2,"11":2,"12":2,"13":1},"f":{"0":1,"1":0,"2":0,"3":2},"b":{"0":[0,0]}}
,"/home/tlfreire/Documentos/programacao/growdev/aulas-julho/arquitetura-projetos/src/core/presentation/app.ts": {"path":"/home/tlfreire/Documentos/programacao/growdev/aulas-julho/arquitetura-projetos/src/core/presentation/app.ts","statementMap":{"0":{"start":{"line":1,"column":0},"end":{"line":1,"column":61}},"1":{"start":{"line":2,"column":0},"end":{"line":2,"column":78}},"2":{"start":{"line":3,"column":0},"end":{"line":3,"column":72}},"3":{"start":{"line":6,"column":2},"end":{"line":6,"column":41}},"4":{"start":{"line":9,"column":4},"end":{"line":9,"column":30}},"5":{"start":{"line":13,"column":4},"end":{"line":13,"column":25}},"6":{"start":{"line":17,"column":4},"end":{"line":17,"column":23}},"7":{"start":{"line":18,"column":4},"end":{"line":18,"column":18}},"8":{"start":{"line":22,"column":4},"end":{"line":22,"column":38}},"9":{"start":{"line":23,"column":4},"end":{"line":23,"column":63}},"10":{"start":{"line":27,"column":19},"end":{"line":27,"column":27}},"11":{"start":{"line":29,"column":4},"end":{"line":29,"column":80}},"12":{"start":{"line":29,"column":58},"end":{"line":29,"column":78}},"13":{"start":{"line":30,"column":4},"end":{"line":30,"column":38}},"14":{"start":{"line":32,"column":4},"end":{"line":32,"column":79}},"15":{"start":{"line":32,"column":51},"end":{"line":32,"column":77}},"16":{"start":{"line":34,"column":26},"end":{"line":34,"column":52}},"17":{"start":{"line":35,"column":23},"end":{"line":35,"column":46}},"18":{"start":{"line":37,"column":4},"end":{"line":37,"column":49}},"19":{"start":{"line":41,"column":4},"end":{"line":43,"column":6}},"20":{"start":{"line":42,"column":6},"end":{"line":42,"column":49}},"21":{"start":{"line":5,"column":0},"end":{"line":5,"column":21}}},"fnMap":{"0":{"name":"(anonymous_9)","decl":{"start":{"line":8,"column":2},"end":{"line":8,"column":null}},"loc":{"start":{"line":8,"column":2},"end":{"line":10,"column":3}}},"1":{"name":"(anonymous_10)","decl":{"start":{"line":12,"column":2},"end":{"line":12,"column":13}},"loc":{"start":{"line":12,"column":19},"end":{"line":14,"column":3}}},"2":{"name":"(anonymous_11)","decl":{"start":{"line":16,"column":9},"end":{"line":16,"column":13}},"loc":{"start":{"line":16,"column":13},"end":{"line":19,"column":3}}},"3":{"name":"(anonymous_12)","decl":{"start":{"line":21,"column":10},"end":{"line":21,"column":21}},"loc":{"start":{"line":21,"column":21},"end":{"line":24,"column":3}}},"4":{"name":"(anonymous_13)","decl":{"start":{"line":26,"column":10},"end":{"line":26,"column":16}},"loc":{"start":{"line":26,"column":16},"end":{"line":38,"column":3}}},"5":{"name":"(anonymous_14)","decl":{"start":{"line":29,"column":27},"end":{"line":29,"column":28}},"loc":{"start":{"line":29,"column":58},"end":{"line":29,"column":78}}},"6":{"name":"(anonymous_15)","decl":{"start":{"line":32,"column":20},"end":{"line":32,"column":21}},"loc":{"start":{"line":32,"column":51},"end":{"line":32,"column":77}}},"7":{"name":"(anonymous_16)","decl":{"start":{"line":40,"column":9},"end":{"line":40,"column":14}},"loc":{"start":{"line":40,"column":27},"end":{"line":44,"column":3}}},"8":{"name":"(anonymous_17)","decl":{"start":{"line":41,"column":31},"end":{"line":41,"column":34}},"loc":{"start":{"line":42,"column":6},"end":{"line":42,"column":49}}}},"branchMap":{},"s":{"0":1,"1":1,"2":1,"3":0,"4":0,"5":0,"6":0,"7":0,"8":0,"9":0,"10":0,"11":0,"12":0,"13":0,"14":0,"15":0,"16":0,"17":0,"18":0,"19":0,"20":0,"21":1},"f":{"0":0,"1":0,"2":0,"3":0,"4":0,"5":0,"6":0,"7":0,"8":0},"b":{}}
,"/home/tlfreire/Documentos/programacao/growdev/aulas-julho/arquitetura-projetos/src/core/presentation/index.ts": {"path":"/home/tlfreire/Documentos/programacao/growdev/aulas-julho/arquitetura-projetos/src/core/presentation/index.ts","statementMap":{"0":{"start":{"line":1,"column":0},"end":{"line":1,"column":29}},"1":{"start":{"line":2,"column":0},"end":{"line":2,"column":25}},"2":{"start":{"line":3,"column":0},"end":{"line":3,"column":26}},"3":{"start":{"line":4,"column":0},"end":{"line":4,"column":25}},"4":{"start":{"line":5,"column":0},"end":{"line":5,"column":24}},"5":{"start":{"line":6,"column":0},"end":{"line":6,"column":27}},"6":{"start":{"line":7,"column":0},"end":{"line":7,"column":22}},"7":{"start":{"line":8,"column":0},"end":{"line":8,"column":28}}},"fnMap":{},"branchMap":{},"s":{"0":1,"1":1,"2":1,"3":1,"4":1,"5":1,"6":1,"7":1},"f":{},"b":{}}
,"/home/tlfreire/Documentos/programacao/growdev/aulas-julho/arquitetura-projetos/src/core/presentation/adapters/express-middleware.adapter.ts": {"path":"/home/tlfreire/Documentos/programacao/growdev/aulas-julho/arquitetura-projetos/src/core/presentation/adapters/express-middleware.adapter.ts","statementMap":{"0":{"start":{"line":4,"column":33},"end":{"line":22,"column":1}},"1":{"start":{"line":5,"column":2},"end":{"line":21,"column":4}},"2":{"start":{"line":6,"column":36},"end":{"line":9,"column":6}},"3":{"start":{"line":11,"column":39},"end":{"line":11,"column":71}},"4":{"start":{"line":13,"column":4},"end":{"line":20,"column":null}},"5":{"start":{"line":14,"column":6},"end":{"line":14,"column":44}},"6":{"start":{"line":15,"column":6},"end":{"line":15,"column":13}},"7":{"start":{"line":17,"column":6},"end":{"line":19,"column":9}},"8":{"start":{"line":4,"column":13},"end":{"line":4,"column":33}}},"fnMap":{"0":{"name":"(anonymous_0)","decl":{"start":{"line":4,"column":33},"end":{"line":4,"column":34}},"loc":{"start":{"line":4,"column":53},"end":{"line":22,"column":1}}},"1":{"name":"(anonymous_1)","decl":{"start":{"line":5,"column":9},"end":{"line":5,"column":14}},"loc":{"start":{"line":5,"column":67},"end":{"line":21,"column":3}}}},"branchMap":{"0":{"loc":{"start":{"line":13,"column":4},"end":{"line":20,"column":null}},"type":"if","locations":[{"start":{"line":13,"column":4},"end":{"line":20,"column":null}},{"start":{"line":13,"column":4},"end":{"line":20,"column":null}}]}},"s":{"0":1,"1":0,"2":0,"3":0,"4":0,"5":0,"6":0,"7":0,"8":1},"f":{"0":0,"1":0},"b":{"0":[0,0]}}
,"/home/tlfreire/Documentos/programacao/growdev/aulas-julho/arquitetura-projetos/src/core/presentation/adapters/express-route.adapter.ts": {"path":"/home/tlfreire/Documentos/programacao/growdev/aulas-julho/arquitetura-projetos/src/core/presentation/adapters/express-route.adapter.ts","statementMap":{"0":{"start":{"line":2,"column":0},"end":{"line":2,"column":65}},"1":{"start":{"line":5,"column":28},"end":{"line":22,"column":1}},"2":{"start":{"line":6,"column":2},"end":{"line":21,"column":4}},"3":{"start":{"line":7,"column":37},"end":{"line":10,"column":6}},"4":{"start":{"line":12,"column":39},"end":{"line":12,"column":75}},"5":{"start":{"line":14,"column":4},"end":{"line":20,"column":null}},"6":{"start":{"line":15,"column":6},"end":{"line":15,"column":66}},"7":{"start":{"line":17,"column":6},"end":{"line":19,"column":9}},"8":{"start":{"line":5,"column":13},"end":{"line":5,"column":28}},"9":{"start":{"line":24,"column":32},"end":{"line":59,"column":1}},"10":{"start":{"line":25,"column":2},"end":{"line":58,"column":4}},"11":{"start":{"line":26,"column":37},"end":{"line":29,"column":6}},"12":{"start":{"line":33,"column":4},"end":{"line":49,"column":null}},"13":{"start":{"line":35,"column":8},"end":{"line":35,"column":59}},"14":{"start":{"line":36,"column":8},"end":{"line":36,"column":14}},"15":{"start":{"line":38,"column":8},"end":{"line":38,"column":58}},"16":{"start":{"line":39,"column":8},"end":{"line":39,"column":14}},"17":{"start":{"line":41,"column":8},"end":{"line":41,"column":59}},"18":{"start":{"line":42,"column":8},"end":{"line":42,"column":14}},"19":{"start":{"line":44,"column":8},"end":{"line":44,"column":60}},"20":{"start":{"line":45,"column":8},"end":{"line":45,"column":14}},"21":{"start":{"line":47,"column":8},"end":{"line":47,"column":60}},"22":{"start":{"line":48,"column":8},"end":{"line":48,"column":14}},"23":{"start":{"line":51,"column":4},"end":{"line":57,"column":null}},"24":{"start":{"line":52,"column":6},"end":{"line":52,"column":66}},"25":{"start":{"line":54,"column":6},"end":{"line":56,"column":9}},"26":{"start":{"line":24,"column":13},"end":{"line":24,"column":32}}},"fnMap":{"0":{"name":"(anonymous_0)","decl":{"start":{"line":5,"column":28},"end":{"line":5,"column":29}},"loc":{"start":{"line":5,"column":55},"end":{"line":22,"column":1}}},"1":{"name":"(anonymous_1)","decl":{"start":{"line":6,"column":9},"end":{"line":6,"column":14}},"loc":{"start":{"line":6,"column":47},"end":{"line":21,"column":3}}},"2":{"name":"(anonymous_2)","decl":{"start":{"line":24,"column":32},"end":{"line":24,"column":33}},"loc":{"start":{"line":24,"column":74},"end":{"line":59,"column":1}}},"3":{"name":"(anonymous_3)","decl":{"start":{"line":25,"column":9},"end":{"line":25,"column":14}},"loc":{"start":{"line":25,"column":47},"end":{"line":58,"column":3}}}},"branchMap":{"0":{"loc":{"start":{"line":14,"column":4},"end":{"line":20,"column":null}},"type":"if","locations":[{"start":{"line":14,"column":4},"end":{"line":20,"column":null}},{"start":{"line":14,"column":4},"end":{"line":20,"column":null}}]},"1":{"loc":{"start":{"line":14,"column":8},"end":{"line":14,"column":38}},"type":"binary-expr","locations":[{"start":{"line":14,"column":8},"end":{"line":14,"column":38}},{"start":{"line":14,"column":42},"end":{"line":14,"column":72}}]},"2":{"loc":{"start":{"line":34,"column":6},"end":{"line":36,"column":14}},"type":"switch","locations":[{"start":{"line":34,"column":6},"end":{"line":36,"column":14}},{"start":{"line":37,"column":6},"end":{"line":39,"column":14}},{"start":{"line":40,"column":6},"end":{"line":42,"column":14}},{"start":{"line":43,"column":6},"end":{"line":45,"column":14}},{"start":{"line":46,"column":6},"end":{"line":48,"column":14}}]},"3":{"loc":{"start":{"line":51,"column":4},"end":{"line":57,"column":null}},"type":"if","locations":[{"start":{"line":51,"column":4},"end":{"line":57,"column":null}},{"start":{"line":51,"column":4},"end":{"line":57,"column":null}}]},"4":{"loc":{"start":{"line":51,"column":8},"end":{"line":51,"column":38}},"type":"binary-expr","locations":[{"start":{"line":51,"column":8},"end":{"line":51,"column":38}},{"start":{"line":51,"column":42},"end":{"line":51,"column":72}}]}},"s":{"0":1,"1":1,"2":0,"3":0,"4":0,"5":0,"6":0,"7":0,"8":1,"9":1,"10":0,"11":0,"12":0,"13":0,"14":0,"15":0,"16":0,"17":0,"18":0,"19":0,"20":0,"21":0,"22":0,"23":0,"24":0,"25":0,"26":1},"f":{"0":0,"1":0,"2":0,"3":0},"b":{"0":[0,0],"1":[0,0],"2":[0,0,0,0,0],"3":[0,0],"4":[0,0]}}
,"/home/tlfreire/Documentos/programacao/growdev/aulas-julho/arquitetura-projetos/src/core/presentation/adapters/index.ts": {"path":"/home/tlfreire/Documentos/programacao/growdev/aulas-julho/arquitetura-projetos/src/core/presentation/adapters/index.ts","statementMap":{"0":{"start":{"line":1,"column":0},"end":{"line":1,"column":45}},"1":{"start":{"line":2,"column":0},"end":{"line":2,"column":40}}},"fnMap":{},"branchMap":{},"s":{"0":1,"1":1},"f":{},"b":{}}
,"/home/tlfreire/Documentos/programacao/growdev/aulas-julho/arquitetura-projetos/src/core/presentation/contracts/index.ts": {"path":"/home/tlfreire/Documentos/programacao/growdev/aulas-julho/arquitetura-projetos/src/core/presentation/contracts/index.ts","statementMap":{"0":{"start":{"line":1,"column":0},"end":{"line":1,"column":29}}},"fnMap":{},"branchMap":{},"s":{"0":1},"f":{},"b":{}}
,"/home/tlfreire/Documentos/programacao/growdev/aulas-julho/arquitetura-projetos/src/core/presentation/enums/index.ts": {"path":"/home/tlfreire/Documentos/programacao/growdev/aulas-julho/arquitetura-projetos/src/core/presentation/enums/index.ts","statementMap":{"0":{"start":{"line":1,"column":0},"end":{"line":1,"column":27}}},"fnMap":{},"branchMap":{},"s":{"0":1},"f":{},"b":{}}
,"/home/tlfreire/Documentos/programacao/growdev/aulas-julho/arquitetura-projetos/src/core/presentation/enums/mvc.enum.ts": {"path":"/home/tlfreire/Documentos/programacao/growdev/aulas-julho/arquitetura-projetos/src/core/presentation/enums/mvc.enum.ts","statementMap":{"0":{"start":{"line":3,"column":0},"end":{"line":3,"column":null}},"1":{"start":{"line":4,"column":2},"end":{"line":4,"column":null}},"2":{"start":{"line":5,"column":2},"end":{"line":5,"column":null}},"3":{"start":{"line":6,"column":2},"end":{"line":6,"column":null}},"4":{"start":{"line":7,"column":2},"end":{"line":7,"column":null}},"5":{"start":{"line":8,"column":2},"end":{"line":8,"column":null}}},"fnMap":{"0":{"name":"(anonymous_0)","decl":{"start":{"line":3,"column":0},"end":{"line":3,"column":12}},"loc":{"start":{"line":3,"column":16},"end":{"line":9,"column":1}}}},"branchMap":{"0":{"loc":{"start":{"line":3,"column":12},"end":{"line":3,"column":16}},"type":"binary-expr","locations":[{"start":{"line":3,"column":12},"end":{"line":3,"column":16}},{"start":{"line":3,"column":12},"end":{"line":3,"column":null}}]}},"s":{"0":1,"1":1,"2":1,"3":1,"4":1,"5":1},"f":{"0":1},"b":{"0":[1,1]}}
,"/home/tlfreire/Documentos/programacao/growdev/aulas-julho/arquitetura-projetos/src/core/presentation/errors/data-not-found.error.ts": {"path":"/home/tlfreire/Documentos/programacao/growdev/aulas-julho/arquitetura-projetos/src/core/presentation/errors/data-not-found.error.ts","statementMap":{"0":{"start":{"line":3,"column":4},"end":{"line":3,"column":27}},"1":{"start":{"line":4,"column":4},"end":{"line":4,"column":36}},"2":{"start":{"line":1,"column":0},"end":{"line":1,"column":13}}},"fnMap":{"0":{"name":"(anonymous_0)","decl":{"start":{"line":2,"column":2},"end":{"line":2,"column":null}},"loc":{"start":{"line":2,"column":2},"end":{"line":5,"column":3}}}},"branchMap":{},"s":{"0":0,"1":0,"2":1},"f":{"0":0},"b":{}}
,"/home/tlfreire/Documentos/programacao/growdev/aulas-julho/arquitetura-projetos/src/core/presentation/errors/index.ts": {"path":"/home/tlfreire/Documentos/programacao/growdev/aulas-julho/arquitetura-projetos/src/core/presentation/errors/index.ts","statementMap":{"0":{"start":{"line":1,"column":0},"end":{"line":1,"column":31}},"1":{"start":{"line":2,"column":0},"end":{"line":2,"column":38}},"2":{"start":{"line":3,"column":0},"end":{"line":3,"column":38}},"3":{"start":{"line":4,"column":0},"end":{"line":4,"column":39}}},"fnMap":{},"branchMap":{},"s":{"0":1,"1":1,"2":1,"3":1},"f":{},"b":{}}
,"/home/tlfreire/Documentos/programacao/growdev/aulas-julho/arquitetura-projetos/src/core/presentation/errors/invalid-param.error.ts": {"path":"/home/tlfreire/Documentos/programacao/growdev/aulas-julho/arquitetura-projetos/src/core/presentation/errors/invalid-param.error.ts","statementMap":{"0":{"start":{"line":3,"column":4},"end":{"line":3,"column":41}},"1":{"start":{"line":4,"column":4},"end":{"line":4,"column":36}},"2":{"start":{"line":1,"column":0},"end":{"line":1,"column":13}}},"fnMap":{"0":{"name":"(anonymous_0)","decl":{"start":{"line":2,"column":2},"end":{"line":2,"column":14}},"loc":{"start":{"line":2,"column":31},"end":{"line":5,"column":3}}}},"branchMap":{},"s":{"0":0,"1":0,"2":1},"f":{"0":0},"b":{}}
,"/home/tlfreire/Documentos/programacao/growdev/aulas-julho/arquitetura-projetos/src/core/presentation/errors/missing-param.error.ts": {"path":"/home/tlfreire/Documentos/programacao/growdev/aulas-julho/arquitetura-projetos/src/core/presentation/errors/missing-param.error.ts","statementMap":{"0":{"start":{"line":3,"column":4},"end":{"line":3,"column":46}},"1":{"start":{"line":4,"column":4},"end":{"line":4,"column":36}},"2":{"start":{"line":1,"column":0},"end":{"line":1,"column":13}}},"fnMap":{"0":{"name":"(anonymous_0)","decl":{"start":{"line":2,"column":2},"end":{"line":2,"column":14}},"loc":{"start":{"line":2,"column":31},"end":{"line":5,"column":3}}}},"branchMap":{},"s":{"0":0,"1":0,"2":1},"f":{"0":0},"b":{}}
,"/home/tlfreire/Documentos/programacao/growdev/aulas-julho/arquitetura-projetos/src/core/presentation/errors/server.error.ts": {"path":"/home/tlfreire/Documentos/programacao/growdev/aulas-julho/arquitetura-projetos/src/core/presentation/errors/server.error.ts","statementMap":{"0":{"start":{"line":3,"column":4},"end":{"line":3,"column":35}},"1":{"start":{"line":4,"column":4},"end":{"line":4,"column":30}},"2":{"start":{"line":1,"column":0},"end":{"line":1,"column":13}}},"fnMap":{"0":{"name":"(anonymous_0)","decl":{"start":{"line":2,"column":2},"end":{"line":2,"column":null}},"loc":{"start":{"line":2,"column":2},"end":{"line":5,"column":3}}}},"branchMap":{},"s":{"0":4,"1":4,"2":1},"f":{"0":4},"b":{}}
,"/home/tlfreire/Documentos/programacao/growdev/aulas-julho/arquitetura-projetos/src/core/presentation/helpers/http-helper.ts": {"path":"/home/tlfreire/Documentos/programacao/growdev/aulas-julho/arquitetura-projetos/src/core/presentation/helpers/http-helper.ts","statementMap":{"0":{"start":{"line":1,"column":0},"end":{"line":1,"column":40}},"1":{"start":{"line":4,"column":26},"end":{"line":7,"column":2}},"2":{"start":{"line":4,"column":59},"end":{"line":7,"column":2}},"3":{"start":{"line":4,"column":13},"end":{"line":4,"column":26}},"4":{"start":{"line":9,"column":24},"end":{"line":12,"column":2}},"5":{"start":{"line":9,"column":57},"end":{"line":12,"column":2}},"6":{"start":{"line":9,"column":13},"end":{"line":9,"column":24}},"7":{"start":{"line":14,"column":18},"end":{"line":17,"column":2}},"8":{"start":{"line":14,"column":48},"end":{"line":17,"column":2}},"9":{"start":{"line":14,"column":13},"end":{"line":14,"column":18}},"10":{"start":{"line":19,"column":27},"end":{"line":22,"column":2}},"11":{"start":{"line":19,"column":48},"end":{"line":22,"column":2}},"12":{"start":{"line":19,"column":13},"end":{"line":19,"column":27}}},"fnMap":{"0":{"name":"(anonymous_0)","decl":{"start":{"line":4,"column":26},"end":{"line":4,"column":27}},"loc":{"start":{"line":4,"column":59},"end":{"line":7,"column":2}}},"1":{"name":"(anonymous_1)","decl":{"start":{"line":9,"column":24},"end":{"line":9,"column":25}},"loc":{"start":{"line":9,"column":57},"end":{"line":12,"column":2}}},"2":{"name":"(anonymous_2)","decl":{"start":{"line":14,"column":18},"end":{"line":14,"column":19}},"loc":{"start":{"line":14,"column":48},"end":{"line":17,"column":2}}},"3":{"name":"(anonymous_3)","decl":{"start":{"line":19,"column":27},"end":{"line":19,"column":44}},"loc":{"start":{"line":19,"column":48},"end":{"line":22,"column":2}}}},"branchMap":{},"s":{"0":1,"1":1,"2":0,"3":1,"4":1,"5":0,"6":1,"7":1,"8":5,"9":1,"10":1,"11":4,"12":1},"f":{"0":0,"1":0,"2":5,"3":4},"b":{}}
,"/home/tlfreire/Documentos/programacao/growdev/aulas-julho/arquitetura-projetos/src/core/presentation/helpers/index.ts": {"path":"/home/tlfreire/Documentos/programacao/growdev/aulas-julho/arquitetura-projetos/src/core/presentation/helpers/index.ts","statementMap":{"0":{"start":{"line":1,"column":0},"end":{"line":1,"column":30}}},"fnMap":{},"branchMap":{},"s":{"0":1},"f":{},"b":{}}
,"/home/tlfreire/Documentos/programacao/growdev/aulas-julho/arquitetura-projetos/src/core/presentation/models/index.ts": {"path":"/home/tlfreire/Documentos/programacao/growdev/aulas-julho/arquitetura-projetos/src/core/presentation/models/index.ts","statementMap":{"0":{"start":{"line":1,"column":0},"end":{"line":1,"column":29}}},"fnMap":{},"branchMap":{},"s":{"0":1},"f":{},"b":{}}
,"/home/tlfreire/Documentos/programacao/growdev/aulas-julho/arquitetura-projetos/src/core/presentation/validators/compare-fields.validator.ts": {"path":"/home/tlfreire/Documentos/programacao/growdev/aulas-julho/arquitetura-projetos/src/core/presentation/validators/compare-fields.validator.ts","statementMap":{"0":{"start":{"line":1,"column":0},"end":{"line":1,"column":66}},"1":{"start":{"line":4,"column":2},"end":{"line":4,"column":30}},"2":{"start":{"line":5,"column":2},"end":{"line":5,"column":39}},"3":{"start":{"line":8,"column":4},"end":{"line":8,"column":32}},"4":{"start":{"line":9,"column":4},"end":{"line":9,"column":50}},"5":{"start":{"line":13,"column":4},"end":{"line":15,"column":null}},"6":{"start":{"line":14,"column":6},"end":{"line":14,"column":61}},"7":{"start":{"line":3,"column":0},"end":{"line":3,"column":13}}},"fnMap":{"0":{"name":"(anonymous_2)","decl":{"start":{"line":7,"column":2},"end":{"line":7,"column":14}},"loc":{"start":{"line":7,"column":59},"end":{"line":10,"column":3}}},"1":{"name":"(anonymous_3)","decl":{"start":{"line":12,"column":9},"end":{"line":12,"column":17}},"loc":{"start":{"line":12,"column":28},"end":{"line":16,"column":3}}}},"branchMap":{"0":{"loc":{"start":{"line":13,"column":4},"end":{"line":15,"column":null}},"type":"if","locations":[{"start":{"line":13,"column":4},"end":{"line":15,"column":null}},{"start":{"line":13,"column":4},"end":{"line":15,"column":null}}]}},"s":{"0":1,"1":0,"2":0,"3":0,"4":0,"5":0,"6":0,"7":1},"f":{"0":0,"1":0},"b":{"0":[0,0]}}
,"/home/tlfreire/Documentos/programacao/growdev/aulas-julho/arquitetura-projetos/src/core/presentation/validators/cpf.validator.ts": {"path":"/home/tlfreire/Documentos/programacao/growdev/aulas-julho/arquitetura-projetos/src/core/presentation/validators/cpf.validator.ts","statementMap":{"0":{"start":{"line":1,"column":0},"end":{"line":1,"column":66}},"1":{"start":{"line":2,"column":0},"end":{"line":2,"column":44}},"2":{"start":{"line":5,"column":2},"end":{"line":5,"column":30}},"3":{"start":{"line":8,"column":4},"end":{"line":8,"column":32}},"4":{"start":{"line":12,"column":4},"end":{"line":14,"column":null}},"5":{"start":{"line":13,"column":6},"end":{"line":13,"column":52}},"6":{"start":{"line":4,"column":0},"end":{"line":4,"column":13}}},"fnMap":{"0":{"name":"(anonymous_2)","decl":{"start":{"line":7,"column":2},"end":{"line":7,"column":14}},"loc":{"start":{"line":7,"column":31},"end":{"line":9,"column":3}}},"1":{"name":"(anonymous_3)","decl":{"start":{"line":11,"column":9},"end":{"line":11,"column":17}},"loc":{"start":{"line":11,"column":28},"end":{"line":15,"column":3}}}},"branchMap":{"0":{"loc":{"start":{"line":12,"column":4},"end":{"line":14,"column":null}},"type":"if","locations":[{"start":{"line":12,"column":4},"end":{"line":14,"column":null}},{"start":{"line":12,"column":4},"end":{"line":14,"column":null}}]}},"s":{"0":1,"1":1,"2":0,"3":0,"4":0,"5":0,"6":1},"f":{"0":0,"1":0},"b":{"0":[0,0]}}
,"/home/tlfreire/Documentos/programacao/growdev/aulas-julho/arquitetura-projetos/src/core/presentation/validators/email.validator.ts": {"path":"/home/tlfreire/Documentos/programacao/growdev/aulas-julho/arquitetura-projetos/src/core/presentation/validators/email.validator.ts","statementMap":{"0":{"start":{"line":1,"column":0},"end":{"line":1,"column":66}},"1":{"start":{"line":3,"column":0},"end":{"line":3,"column":34}},"2":{"start":{"line":6,"column":2},"end":{"line":6,"column":30}},"3":{"start":{"line":9,"column":4},"end":{"line":9,"column":32}},"4":{"start":{"line":13,"column":4},"end":{"line":15,"column":null}},"5":{"start":{"line":14,"column":6},"end":{"line":14,"column":52}},"6":{"start":{"line":5,"column":0},"end":{"line":5,"column":13}}},"fnMap":{"0":{"name":"(anonymous_3)","decl":{"start":{"line":8,"column":2},"end":{"line":8,"column":14}},"loc":{"start":{"line":8,"column":31},"end":{"line":10,"column":3}}},"1":{"name":"(anonymous_4)","decl":{"start":{"line":12,"column":9},"end":{"line":12,"column":17}},"loc":{"start":{"line":12,"column":28},"end":{"line":16,"column":3}}}},"branchMap":{"0":{"loc":{"start":{"line":13,"column":4},"end":{"line":15,"column":null}},"type":"if","locations":[{"start":{"line":13,"column":4},"end":{"line":15,"column":null}},{"start":{"line":13,"column":4},"end":{"line":15,"column":null}}]}},"s":{"0":1,"1":1,"2":0,"3":0,"4":0,"5":0,"6":1},"f":{"0":0,"1":0},"b":{"0":[0,0]}}
,"/home/tlfreire/Documentos/programacao/growdev/aulas-julho/arquitetura-projetos/src/core/presentation/validators/index.ts": {"path":"/home/tlfreire/Documentos/programacao/growdev/aulas-julho/arquitetura-projetos/src/core/presentation/validators/index.ts","statementMap":{"0":{"start":{"line":1,"column":0},"end":{"line":1,"column":43}},"1":{"start":{"line":2,"column":0},"end":{"line":2,"column":34}},"2":{"start":{"line":3,"column":0},"end":{"line":3,"column":32}},"3":{"start":{"line":4,"column":0},"end":{"line":4,"column":43}}},"fnMap":{},"branchMap":{},"s":{"0":1,"1":1,"2":1,"3":1},"f":{},"b":{}}
,"/home/tlfreire/Documentos/programacao/growdev/aulas-julho/arquitetura-projetos/src/core/presentation/validators/require-fields.validator.ts": {"path":"/home/tlfreire/Documentos/programacao/growdev/aulas-julho/arquitetura-projetos/src/core/presentation/validators/require-fields.validator.ts","statementMap":{"0":{"start":{"line":1,"column":0},"end":{"line":1,"column":46}},"1":{"start":{"line":4,"column":2},"end":{"line":4,"column":30}},"2":{"start":{"line":7,"column":4},"end":{"line":7,"column":32}},"3":{"start":{"line":11,"column":4},"end":{"line":13,"column":null}},"4":{"start":{"line":12,"column":6},"end":{"line":12,"column":52}},"5":{"start":{"line":3,"column":0},"end":{"line":3,"column":13}}},"fnMap":{"0":{"name":"(anonymous_2)","decl":{"start":{"line":6,"column":2},"end":{"line":6,"column":14}},"loc":{"start":{"line":6,"column":31},"end":{"line":8,"column":3}}},"1":{"name":"(anonymous_3)","decl":{"start":{"line":10,"column":9},"end":{"line":10,"column":17}},"loc":{"start":{"line":10,"column":28},"end":{"line":14,"column":3}}}},"branchMap":{"0":{"loc":{"start":{"line":11,"column":4},"end":{"line":13,"column":null}},"type":"if","locations":[{"start":{"line":11,"column":4},"end":{"line":13,"column":null}},{"start":{"line":11,"column":4},"end":{"line":13,"column":null}}]}},"s":{"0":1,"1":0,"2":0,"3":0,"4":0,"5":1},"f":{"0":0,"1":0},"b":{"0":[0,0]}}
,"/home/tlfreire/Documentos/programacao/growdev/aulas-julho/arquitetura-projetos/src/features/project/infra/repositories/project.repository.ts": {"path":"/home/tlfreire/Documentos/programacao/growdev/aulas-julho/arquitetura-projetos/src/features/project/infra/repositories/project.repository.ts","statementMap":{"0":{"start":{"line":1,"column":0},"end":{"line":1,"column":55}},"1":{"start":{"line":6,"column":19},"end":{"line":6,"column":30}},"2":{"start":{"line":9,"column":21},"end":{"line":9,"column":47}},"3":{"start":{"line":11,"column":4},"end":{"line":20,"column":7}},"4":{"start":{"line":12,"column":6},"end":{"line":19,"column":19}},"5":{"start":{"line":24,"column":20},"end":{"line":24,"column":52}},"6":{"start":{"line":26,"column":4},"end":{"line":26,"column":35}},"7":{"start":{"line":26,"column":18},"end":{"line":26,"column":35}},"8":{"start":{"line":28,"column":4},"end":{"line":35,"column":6}},"9":{"start":{"line":39,"column":63},"end":{"line":39,"column":69}},"10":{"start":{"line":41,"column":20},"end":{"line":47,"column":13}},"11":{"start":{"line":49,"column":4},"end":{"line":49,"column":46}},"12":{"start":{"line":53,"column":63},"end":{"line":53,"column":69}},"13":{"start":{"line":55,"column":19},"end":{"line":61,"column":6}},"14":{"start":{"line":63,"column":4},"end":{"line":63,"column":45}},"15":{"start":{"line":67,"column":4},"end":{"line":67,"column":42}},"16":{"start":{"line":5,"column":0},"end":{"line":5,"column":21}}},"fnMap":{"0":{"name":"(anonymous_0)","decl":{"start":{"line":5,"column":0},"end":{"line":5,"column":21}},"loc":{"start":{"line":5,"column":0},"end":{"line":69,"column":1}}},"1":{"name":"(anonymous_1)","decl":{"start":{"line":8,"column":2},"end":{"line":8,"column":7}},"loc":{"start":{"line":8,"column":19},"end":{"line":21,"column":3}}},"2":{"name":"(anonymous_2)","decl":{"start":{"line":11,"column":24},"end":{"line":11,"column":25}},"loc":{"start":{"line":11,"column":36},"end":{"line":20,"column":5}}},"3":{"name":"(anonymous_3)","decl":{"start":{"line":23,"column":2},"end":{"line":23,"column":7}},"loc":{"start":{"line":23,"column":30},"end":{"line":36,"column":3}}},"4":{"name":"(anonymous_4)","decl":{"start":{"line":38,"column":2},"end":{"line":38,"column":7}},"loc":{"start":{"line":38,"column":30},"end":{"line":50,"column":3}}},"5":{"name":"(anonymous_5)","decl":{"start":{"line":52,"column":2},"end":{"line":52,"column":7}},"loc":{"start":{"line":52,"column":42},"end":{"line":64,"column":3}}},"6":{"name":"(anonymous_6)","decl":{"start":{"line":66,"column":2},"end":{"line":66,"column":7}},"loc":{"start":{"line":66,"column":25},"end":{"line":68,"column":3}}}},"branchMap":{"0":{"loc":{"start":{"line":26,"column":4},"end":{"line":26,"column":35}},"type":"if","locations":[{"start":{"line":26,"column":4},"end":{"line":26,"column":35}},{"start":{"line":26,"column":4},"end":{"line":26,"column":35}}]}},"s":{"0":1,"1":6,"2":0,"3":0,"4":0,"5":0,"6":0,"7":0,"8":0,"9":0,"10":0,"11":0,"12":0,"13":0,"14":0,"15":0,"16":1},"f":{"0":6,"1":0,"2":0,"3":0,"4":0,"5":0,"6":0},"b":{"0":[0,0]}}
,"/home/tlfreire/Documentos/programacao/growdev/aulas-julho/arquitetura-projetos/src/features/project/presentation/controllers/index.ts": {"path":"/home/tlfreire/Documentos/programacao/growdev/aulas-julho/arquitetura-projetos/src/features/project/presentation/controllers/index.ts","statementMap":{"0":{"start":{"line":1,"column":0},"end":{"line":1,"column":37}}},"fnMap":{},"branchMap":{},"s":{"0":1},"f":{},"b":{}}
,"/home/tlfreire/Documentos/programacao/growdev/aulas-julho/arquitetura-projetos/src/features/project/presentation/controllers/project.controller.ts": {"path":"/home/tlfreire/Documentos/programacao/growdev/aulas-julho/arquitetura-projetos/src/features/project/presentation/controllers/project.controller.ts","statementMap":{"0":{"start":{"line":3,"column":0},"end":{"line":3,"column":null}},"1":{"start":{"line":15,"column":2},"end":{"line":15,"column":42}},"2":{"start":{"line":16,"column":2},"end":{"line":16,"column":35}},"3":{"start":{"line":19,"column":4},"end":{"line":19,"column":34}},"4":{"start":{"line":20,"column":4},"end":{"line":20,"column":24}},"5":{"start":{"line":24,"column":4},"end":{"line":45,"column":null}},"6":{"start":{"line":26,"column":20},"end":{"line":26,"column":56}},"7":{"start":{"line":28,"column":6},"end":{"line":36,"column":null}},"8":{"start":{"line":29,"column":8},"end":{"line":35,"column":10}},"9":{"start":{"line":31,"column":12},"end":{"line":33,"column":14}},"10":{"start":{"line":38,"column":23},"end":{"line":38,"column":59}},"11":{"start":{"line":40,"column":6},"end":{"line":40,"column":53}},"12":{"start":{"line":42,"column":6},"end":{"line":42,"column":26}},"13":{"start":{"line":44,"column":6},"end":{"line":44,"column":27}},"14":{"start":{"line":49,"column":20},"end":{"line":49,"column":34}},"15":{"start":{"line":51,"column":4},"end":{"line":56,"column":null}},"16":{"start":{"line":52,"column":21},"end":{"line":52,"column":55}},"17":{"start":{"line":53,"column":6},"end":{"line":53,"column":24}},"18":{"start":{"line":55,"column":6},"end":{"line":55,"column":27}},"19":{"start":{"line":60,"column":4},"end":{"line":68,"column":null}},"20":{"start":{"line":61,"column":21},"end":{"line":61,"column":64}},"21":{"start":{"line":63,"column":6},"end":{"line":63,"column":43}},"22":{"start":{"line":65,"column":6},"end":{"line":65,"column":24}},"23":{"start":{"line":67,"column":6},"end":{"line":67,"column":27}},"24":{"start":{"line":72,"column":20},"end":{"line":72,"column":34}},"25":{"start":{"line":74,"column":4},"end":{"line":91,"column":null}},"26":{"start":{"line":76,"column":20},"end":{"line":76,"column":59}},"27":{"start":{"line":77,"column":6},"end":{"line":79,"column":null}},"28":{"start":{"line":78,"column":8},"end":{"line":78,"column":61}},"29":{"start":{"line":81,"column":22},"end":{"line":81,"column":60}},"30":{"start":{"line":82,"column":6},"end":{"line":84,"column":null}},"31":{"start":{"line":83,"column":8},"end":{"line":83,"column":49}},"32":{"start":{"line":86,"column":6},"end":{"line":86,"column":61}},"33":{"start":{"line":88,"column":6},"end":{"line":88,"column":25}},"34":{"start":{"line":90,"column":6},"end":{"line":90,"column":27}},"35":{"start":{"line":95,"column":20},"end":{"line":95,"column":34}},"36":{"start":{"line":96,"column":4},"end":{"line":96,"column":30}},"37":{"start":{"line":98,"column":4},"end":{"line":105,"column":null}},"38":{"start":{"line":99,"column":21},"end":{"line":99,"column":69}},"39":{"start":{"line":101,"column":6},"end":{"line":101,"column":24}},"40":{"start":{"line":103,"column":6},"end":{"line":103,"column":25}},"41":{"start":{"line":104,"column":6},"end":{"line":104,"column":27}},"42":{"start":{"line":14,"column":0},"end":{"line":14,"column":13}}},"fnMap":{"0":{"name":"(anonymous_2)","decl":{"start":{"line":18,"column":2},"end":{"line":18,"column":14}},"loc":{"start":{"line":18,"column":67},"end":{"line":21,"column":3}}},"1":{"name":"(anonymous_3)","decl":{"start":{"line":23,"column":9},"end":{"line":23,"column":14}},"loc":{"start":{"line":23,"column":20},"end":{"line":46,"column":3}}},"2":{"name":"(anonymous_4)","decl":{"start":{"line":30,"column":20},"end":{"line":30,"column":21}},"loc":{"start":{"line":31,"column":12},"end":{"line":33,"column":14}}},"3":{"name":"(anonymous_5)","decl":{"start":{"line":48,"column":2},"end":{"line":48,"column":7}},"loc":{"start":{"line":48,"column":35},"end":{"line":57,"column":3}}},"4":{"name":"(anonymous_6)","decl":{"start":{"line":59,"column":2},"end":{"line":59,"column":7}},"loc":{"start":{"line":59,"column":34},"end":{"line":69,"column":3}}},"5":{"name":"(anonymous_7)","decl":{"start":{"line":71,"column":9},"end":{"line":71,"column":14}},"loc":{"start":{"line":71,"column":40},"end":{"line":92,"column":3}}},"6":{"name":"(anonymous_8)","decl":{"start":{"line":94,"column":2},"end":{"line":94,"column":7}},"loc":{"start":{"line":94,"column":35},"end":{"line":106,"column":3}}}},"branchMap":{"0":{"loc":{"start":{"line":28,"column":6},"end":{"line":36,"column":null}},"type":"if","locations":[{"start":{"line":28,"column":6},"end":{"line":36,"column":null}},{"start":{"line":28,"column":6},"end":{"line":36,"column":null}}]},"1":{"loc":{"start":{"line":77,"column":6},"end":{"line":79,"column":null}},"type":"if","locations":[{"start":{"line":77,"column":6},"end":{"line":79,"column":null}},{"start":{"line":77,"column":6},"end":{"line":79,"column":null}}]},"2":{"loc":{"start":{"line":82,"column":6},"end":{"line":84,"column":null}},"type":"if","locations":[{"start":{"line":82,"column":6},"end":{"line":84,"column":null}},{"start":{"line":82,"column":6},"end":{"line":84,"column":null}}]}},"s":{"0":1,"1":6,"2":6,"3":6,"4":6,"5":3,"6":3,"7":2,"8":1,"9":1,"10":1,"11":1,"12":1,"13":1,"14":0,"15":0,"16":0,"17":0,"18":0,"19":3,"20":3,"21":2,"22":2,"23":1,"24":0,"25":0,"26":0,"27":0,"28":0,"29":0,"30":0,"31":0,"32":0,"33":0,"34":0,"35":0,"36":0,"37":0,"38":0,"39":0,"40":0,"41":0,"42":1},"f":{"0":6,"1":3,"2":1,"3":0,"4":3,"5":0,"6":0},"b":{"0":[1,1],"1":[0,0],"2":[0,0]}}
,"/home/tlfreire/Documentos/programacao/growdev/aulas-julho/arquitetura-projetos/src/features/project/presentation/middlewares/index.ts": {"path":"/home/tlfreire/Documentos/programacao/growdev/aulas-julho/arquitetura-projetos/src/features/project/presentation/middlewares/index.ts","statementMap":{"0":{"start":{"line":1,"column":0},"end":{"line":1,"column":37}}},"fnMap":{},"branchMap":{},"s":{"0":1},"f":{},"b":{}}
,"/home/tlfreire/Documentos/programacao/growdev/aulas-julho/arquitetura-projetos/src/features/project/presentation/middlewares/project.middleware.ts": {"path":"/home/tlfreire/Documentos/programacao/growdev/aulas-julho/arquitetura-projetos/src/features/project/presentation/middlewares/project.middleware.ts","statementMap":{"0":{"start":{"line":1,"column":0},"end":{"line":1,"column":null}},"1":{"start":{"line":11,"column":21},"end":{"line":11,"column":24}},"2":{"start":{"line":13,"column":4},"end":{"line":18,"column":null}},"3":{"start":{"line":14,"column":20},"end":{"line":14,"column":68}},"4":{"start":{"line":15,"column":6},"end":{"line":17,"column":null}},"5":{"start":{"line":16,"column":8},"end":{"line":16,"column":33}},"6":{"start":{"line":20,"column":4},"end":{"line":20,"column":18}},"7":{"start":{"line":9,"column":0},"end":{"line":9,"column":13}}},"fnMap":{"0":{"name":"(anonymous_0)","decl":{"start":{"line":10,"column":2},"end":{"line":10,"column":7}},"loc":{"start":{"line":10,"column":34},"end":{"line":21,"column":3}}}},"branchMap":{"0":{"loc":{"start":{"line":15,"column":6},"end":{"line":17,"column":null}},"type":"if","locations":[{"start":{"line":15,"column":6},"end":{"line":17,"column":null}},{"start":{"line":15,"column":6},"end":{"line":17,"column":null}}]}},"s":{"0":1,"1":0,"2":0,"3":0,"4":0,"5":0,"6":0,"7":1},"f":{"0":0},"b":{"0":[0,0]}}
,"/home/tlfreire/Documentos/programacao/growdev/aulas-julho/arquitetura-projetos/src/features/project/presentation/routes/routes.ts": {"path":"/home/tlfreire/Documentos/programacao/growdev/aulas-julho/arquitetura-projetos/src/features/project/presentation/routes/routes.ts","statementMap":{"0":{"start":{"line":1,"column":0},"end":{"line":1,"column":33}},"1":{"start":{"line":2,"column":0},"end":{"line":2,"column":87}},"2":{"start":{"line":3,"column":0},"end":{"line":3,"column":null}},"3":{"start":{"line":9,"column":0},"end":{"line":9,"column":76}},"4":{"start":{"line":10,"column":0},"end":{"line":10,"column":51}},"5":{"start":{"line":11,"column":0},"end":{"line":11,"column":51}},"6":{"start":{"line":13,"column":23},"end":{"line":17,"column":1}},"7":{"start":{"line":14,"column":21},"end":{"line":14,"column":44}},"8":{"start":{"line":15,"column":16},"end":{"line":15,"column":37}},"9":{"start":{"line":16,"column":2},"end":{"line":16,"column":50}},"10":{"start":{"line":21,"column":19},"end":{"line":21,"column":27}},"11":{"start":{"line":23,"column":4},"end":{"line":23,"column":76}},"12":{"start":{"line":24,"column":4},"end":{"line":24,"column":80}},"13":{"start":{"line":26,"column":4},"end":{"line":30,"column":6}},"14":{"start":{"line":32,"column":4},"end":{"line":35,"column":6}},"15":{"start":{"line":37,"column":4},"end":{"line":40,"column":6}},"16":{"start":{"line":42,"column":4},"end":{"line":42,"column":18}},"17":{"start":{"line":19,"column":0},"end":{"line":19,"column":21}}},"fnMap":{"0":{"name":"(anonymous_1)","decl":{"start":{"line":13,"column":23},"end":{"line":13,"column":41}},"loc":{"start":{"line":13,"column":43},"end":{"line":17,"column":1}}},"1":{"name":"(anonymous_2)","decl":{"start":{"line":20,"column":9},"end":{"line":20,"column":13}},"loc":{"start":{"line":20,"column":13},"end":{"line":43,"column":3}}}},"branchMap":{},"s":{"0":1,"1":1,"2":1,"3":1,"4":1,"5":1,"6":1,"7":0,"8":0,"9":0,"10":0,"11":0,"12":0,"13":0,"14":0,"15":0,"16":0,"17":1},"f":{"0":0,"1":0},"b":{}}
,"/home/tlfreire/Documentos/programacao/growdev/aulas-julho/arquitetura-projetos/src/features/task/infra/repositories/task.repository.ts": {"path":"/home/tlfreire/Documentos/programacao/growdev/aulas-julho/arquitetura-projetos/src/features/task/infra/repositories/task.repository.ts","statementMap":{"0":{"start":{"line":1,"column":0},"end":{"line":1,"column":87}},"1":{"start":{"line":6,"column":18},"end":{"line":6,"column":41}},"2":{"start":{"line":8,"column":4},"end":{"line":15,"column":7}},"3":{"start":{"line":9,"column":6},"end":{"line":14,"column":8}},"4":{"start":{"line":19,"column":17},"end":{"line":19,"column":46}},"5":{"start":{"line":20,"column":4},"end":{"line":22,"column":null}},"6":{"start":{"line":21,"column":6},"end":{"line":21,"column":23}},"7":{"start":{"line":24,"column":4},"end":{"line":29,"column":6}},"8":{"start":{"line":33,"column":46},"end":{"line":33,"column":52}},"9":{"start":{"line":35,"column":17},"end":{"line":39,"column":13}},"10":{"start":{"line":41,"column":4},"end":{"line":41,"column":43}},"11":{"start":{"line":45,"column":46},"end":{"line":45,"column":52}},"12":{"start":{"line":47,"column":19},"end":{"line":51,"column":6}},"13":{"start":{"line":55,"column":4},"end":{"line":55,"column":40}},"14":{"start":{"line":4,"column":0},"end":{"line":4,"column":21}}},"fnMap":{"0":{"name":"(anonymous_0)","decl":{"start":{"line":5,"column":2},"end":{"line":5,"column":7}},"loc":{"start":{"line":5,"column":16},"end":{"line":16,"column":3}}},"1":{"name":"(anonymous_1)","decl":{"start":{"line":8,"column":21},"end":{"line":8,"column":22}},"loc":{"start":{"line":8,"column":30},"end":{"line":15,"column":5}}},"2":{"name":"(anonymous_2)","decl":{"start":{"line":18,"column":2},"end":{"line":18,"column":7}},"loc":{"start":{"line":18,"column":27},"end":{"line":30,"column":3}}},"3":{"name":"(anonymous_3)","decl":{"start":{"line":32,"column":2},"end":{"line":32,"column":7}},"loc":{"start":{"line":32,"column":27},"end":{"line":42,"column":3}}},"4":{"name":"(anonymous_4)","decl":{"start":{"line":44,"column":2},"end":{"line":44,"column":7}},"loc":{"start":{"line":44,"column":40},"end":{"line":52,"column":3}}},"5":{"name":"(anonymous_5)","decl":{"start":{"line":54,"column":2},"end":{"line":54,"column":7}},"loc":{"start":{"line":54,"column":26},"end":{"line":56,"column":3}}}},"branchMap":{"0":{"loc":{"start":{"line":20,"column":4},"end":{"line":22,"column":null}},"type":"if","locations":[{"start":{"line":20,"column":4},"end":{"line":22,"column":null}},{"start":{"line":20,"column":4},"end":{"line":22,"column":null}}]}},"s":{"0":1,"1":0,"2":0,"3":0,"4":0,"5":0,"6":0,"7":0,"8":0,"9":0,"10":0,"11":0,"12":0,"13":0,"14":1},"f":{"0":0,"1":0,"2":0,"3":0,"4":0,"5":0},"b":{"0":[0,0]}}
,"/home/tlfreire/Documentos/programacao/growdev/aulas-julho/arquitetura-projetos/src/features/task/presentation/controllers/index.ts": {"path":"/home/tlfreire/Documentos/programacao/growdev/aulas-julho/arquitetura-projetos/src/features/task/presentation/controllers/index.ts","statementMap":{"0":{"start":{"line":1,"column":0},"end":{"line":1,"column":34}}},"fnMap":{},"branchMap":{},"s":{"0":1},"f":{},"b":{}}
,"/home/tlfreire/Documentos/programacao/growdev/aulas-julho/arquitetura-projetos/src/features/task/presentation/controllers/task.controller.ts": {"path":"/home/tlfreire/Documentos/programacao/growdev/aulas-julho/arquitetura-projetos/src/features/task/presentation/controllers/task.controller.ts","statementMap":{"0":{"start":{"line":2,"column":0},"end":{"line":2,"column":null}},"1":{"start":{"line":14,"column":2},"end":{"line":14,"column":39}},"2":{"start":{"line":15,"column":2},"end":{"line":15,"column":35}},"3":{"start":{"line":18,"column":4},"end":{"line":18,"column":34}},"4":{"start":{"line":19,"column":4},"end":{"line":19,"column":24}},"5":{"start":{"line":23,"column":4},"end":{"line":28,"column":null}},"6":{"start":{"line":24,"column":21},"end":{"line":24,"column":64}},"7":{"start":{"line":25,"column":6},"end":{"line":25,"column":24}},"8":{"start":{"line":27,"column":6},"end":{"line":27,"column":27}},"9":{"start":{"line":32,"column":4},"end":{"line":37,"column":null}},"10":{"start":{"line":33,"column":20},"end":{"line":33,"column":53}},"11":{"start":{"line":34,"column":6},"end":{"line":34,"column":23}},"12":{"start":{"line":36,"column":6},"end":{"line":36,"column":27}},"13":{"start":{"line":41,"column":20},"end":{"line":41,"column":34}},"14":{"start":{"line":43,"column":4},"end":{"line":53,"column":null}},"15":{"start":{"line":44,"column":19},"end":{"line":44,"column":54}},"16":{"start":{"line":46,"column":6},"end":{"line":48,"column":null}},"17":{"start":{"line":47,"column":8},"end":{"line":47,"column":49}},"18":{"start":{"line":50,"column":6},"end":{"line":50,"column":22}},"19":{"start":{"line":52,"column":6},"end":{"line":52,"column":27}},"20":{"start":{"line":57,"column":20},"end":{"line":57,"column":34}},"21":{"start":{"line":59,"column":4},"end":{"line":64,"column":null}},"22":{"start":{"line":60,"column":21},"end":{"line":60,"column":55}},"23":{"start":{"line":61,"column":6},"end":{"line":61,"column":24}},"24":{"start":{"line":63,"column":6},"end":{"line":63,"column":27}},"25":{"start":{"line":68,"column":20},"end":{"line":68,"column":34}},"26":{"start":{"line":70,"column":4},"end":{"line":75,"column":null}},"27":{"start":{"line":71,"column":21},"end":{"line":71,"column":69}},"28":{"start":{"line":72,"column":6},"end":{"line":72,"column":24}},"29":{"start":{"line":74,"column":6},"end":{"line":74,"column":27}},"30":{"start":{"line":13,"column":0},"end":{"line":13,"column":13}}},"fnMap":{"0":{"name":"(anonymous_2)","decl":{"start":{"line":17,"column":2},"end":{"line":17,"column":14}},"loc":{"start":{"line":17,"column":64},"end":{"line":20,"column":3}}},"1":{"name":"(anonymous_3)","decl":{"start":{"line":22,"column":2},"end":{"line":22,"column":7}},"loc":{"start":{"line":22,"column":34},"end":{"line":29,"column":3}}},"2":{"name":"(anonymous_4)","decl":{"start":{"line":31,"column":2},"end":{"line":31,"column":7}},"loc":{"start":{"line":31,"column":34},"end":{"line":38,"column":3}}},"3":{"name":"(anonymous_5)","decl":{"start":{"line":40,"column":2},"end":{"line":40,"column":7}},"loc":{"start":{"line":40,"column":33},"end":{"line":54,"column":3}}},"4":{"name":"(anonymous_6)","decl":{"start":{"line":56,"column":2},"end":{"line":56,"column":7}},"loc":{"start":{"line":56,"column":35},"end":{"line":65,"column":3}}},"5":{"name":"(anonymous_7)","decl":{"start":{"line":67,"column":2},"end":{"line":67,"column":7}},"loc":{"start":{"line":67,"column":35},"end":{"line":76,"column":3}}}},"branchMap":{"0":{"loc":{"start":{"line":46,"column":6},"end":{"line":48,"column":null}},"type":"if","locations":[{"start":{"line":46,"column":6},"end":{"line":48,"column":null}},{"start":{"line":46,"column":6},"end":{"line":48,"column":null}}]}},"s":{"0":1,"1":0,"2":0,"3":0,"4":0,"5":0,"6":0,"7":0,"8":0,"9":0,"10":0,"11":0,"12":0,"13":0,"14":0,"15":0,"16":0,"17":0,"18":0,"19":0,"20":0,"21":0,"22":0,"23":0,"24":0,"25":0,"26":0,"27":0,"28":0,"29":0,"30":1},"f":{"0":0,"1":0,"2":0,"3":0,"4":0,"5":0},"b":{"0":[0,0]}}
,"/home/tlfreire/Documentos/programacao/growdev/aulas-julho/arquitetura-projetos/src/features/task/presentation/middlewares/index.ts": {"path":"/home/tlfreire/Documentos/programacao/growdev/aulas-julho/arquitetura-projetos/src/features/task/presentation/middlewares/index.ts","statementMap":{"0":{"start":{"line":1,"column":0},"end":{"line":1,"column":34}}},"fnMap":{},"branchMap":{},"s":{"0":1},"f":{},"b":{}}
,"/home/tlfreire/Documentos/programacao/growdev/aulas-julho/arquitetura-projetos/src/features/task/presentation/middlewares/task.middleware.ts": {"path":"/home/tlfreire/Documentos/programacao/growdev/aulas-julho/arquitetura-projetos/src/features/task/presentation/middlewares/task.middleware.ts","statementMap":{"0":{"start":{"line":1,"column":0},"end":{"line":1,"column":null}},"1":{"start":{"line":11,"column":21},"end":{"line":11,"column":24}},"2":{"start":{"line":13,"column":4},"end":{"line":18,"column":null}},"3":{"start":{"line":14,"column":20},"end":{"line":14,"column":68}},"4":{"start":{"line":15,"column":6},"end":{"line":17,"column":null}},"5":{"start":{"line":16,"column":8},"end":{"line":16,"column":33}},"6":{"start":{"line":20,"column":4},"end":{"line":20,"column":18}},"7":{"start":{"line":9,"column":0},"end":{"line":9,"column":13}},"8":{"start":{"line":26,"column":21},"end":{"line":26,"column":24}},"9":{"start":{"line":28,"column":4},"end":{"line":33,"column":null}},"10":{"start":{"line":29,"column":20},"end":{"line":29,"column":68}},"11":{"start":{"line":30,"column":6},"end":{"line":32,"column":null}},"12":{"start":{"line":31,"column":8},"end":{"line":31,"column":33}},"13":{"start":{"line":35,"column":4},"end":{"line":35,"column":18}},"14":{"start":{"line":24,"column":0},"end":{"line":24,"column":13}}},"fnMap":{"0":{"name":"(anonymous_0)","decl":{"start":{"line":10,"column":2},"end":{"line":10,"column":7}},"loc":{"start":{"line":10,"column":34},"end":{"line":21,"column":3}}},"1":{"name":"(anonymous_1)","decl":{"start":{"line":25,"column":2},"end":{"line":25,"column":7}},"loc":{"start":{"line":25,"column":34},"end":{"line":36,"column":3}}}},"branchMap":{"0":{"loc":{"start":{"line":15,"column":6},"end":{"line":17,"column":null}},"type":"if","locations":[{"start":{"line":15,"column":6},"end":{"line":17,"column":null}},{"start":{"line":15,"column":6},"end":{"line":17,"column":null}}]},"1":{"loc":{"start":{"line":30,"column":6},"end":{"line":32,"column":null}},"type":"if","locations":[{"start":{"line":30,"column":6},"end":{"line":32,"column":null}},{"start":{"line":30,"column":6},"end":{"line":32,"column":null}}]}},"s":{"0":1,"1":0,"2":0,"3":0,"4":0,"5":0,"6":0,"7":1,"8":0,"9":0,"10":0,"11":0,"12":0,"13":0,"14":1},"f":{"0":0,"1":0},"b":{"0":[0,0],"1":[0,0]}}
,"/home/tlfreire/Documentos/programacao/growdev/aulas-julho/arquitetura-projetos/src/features/task/presentation/routes/routes.ts": {"path":"/home/tlfreire/Documentos/programacao/growdev/aulas-julho/arquitetura-projetos/src/features/task/presentation/routes/routes.ts","statementMap":{"0":{"start":{"line":1,"column":0},"end":{"line":1,"column":33}},"1":{"start":{"line":2,"column":0},"end":{"line":2,"column":87}},"2":{"start":{"line":3,"column":0},"end":{"line":3,"column":null}},"3":{"start":{"line":9,"column":0},"end":{"line":9,"column":70}},"4":{"start":{"line":10,"column":0},"end":{"line":10,"column":48}},"5":{"start":{"line":11,"column":0},"end":{"line":11,"column":75}},"6":{"start":{"line":13,"column":23},"end":{"line":18,"column":1}},"7":{"start":{"line":14,"column":21},"end":{"line":14,"column":41}},"8":{"start":{"line":15,"column":16},"end":{"line":15,"column":37}},"9":{"start":{"line":17,"column":2},"end":{"line":17,"column":47}},"10":{"start":{"line":22,"column":19},"end":{"line":22,"column":27}},"11":{"start":{"line":24,"column":4},"end":{"line":24,"column":73}},"12":{"start":{"line":26,"column":4},"end":{"line":26,"column":77}},"13":{"start":{"line":28,"column":4},"end":{"line":32,"column":6}},"14":{"start":{"line":34,"column":4},"end":{"line":38,"column":6}},"15":{"start":{"line":40,"column":4},"end":{"line":43,"column":6}},"16":{"start":{"line":45,"column":4},"end":{"line":45,"column":18}},"17":{"start":{"line":20,"column":0},"end":{"line":20,"column":21}}},"fnMap":{"0":{"name":"(anonymous_1)","decl":{"start":{"line":13,"column":23},"end":{"line":13,"column":41}},"loc":{"start":{"line":13,"column":43},"end":{"line":18,"column":1}}},"1":{"name":"(anonymous_2)","decl":{"start":{"line":21,"column":9},"end":{"line":21,"column":13}},"loc":{"start":{"line":21,"column":13},"end":{"line":46,"column":3}}}},"branchMap":{},"s":{"0":1,"1":1,"2":1,"3":1,"4":1,"5":1,"6":1,"7":0,"8":0,"9":0,"10":0,"11":0,"12":0,"13":0,"14":0,"15":0,"16":0,"17":1},"f":{"0":0,"1":0},"b":{}}
,"/home/tlfreire/Documentos/programacao/growdev/aulas-julho/arquitetura-projetos/src/utils/document-validator.ts": {"path":"/home/tlfreire/Documentos/programacao/growdev/aulas-julho/arquitetura-projetos/src/utils/document-validator.ts","statementMap":{"0":{"start":{"line":1,"column":26},"end":{"line":66,"column":1}},"1":{"start":{"line":2,"column":2},"end":{"line":4,"column":null}},"2":{"start":{"line":3,"column":4},"end":{"line":3,"column":17}},"3":{"start":{"line":5,"column":2},"end":{"line":7,"column":null}},"4":{"start":{"line":6,"column":4},"end":{"line":6,"column":17}},"5":{"start":{"line":8,"column":2},"end":{"line":21,"column":null}},"6":{"start":{"line":20,"column":4},"end":{"line":20,"column":17}},"7":{"start":{"line":22,"column":23},"end":{"line":22,"column":24}},"8":{"start":{"line":23,"column":25},"end":{"line":23,"column":27}},"9":{"start":{"line":24,"column":24},"end":{"line":24,"column":36}},"10":{"start":{"line":25,"column":18},"end":{"line":25,"column":20}},"11":{"start":{"line":26,"column":26},"end":{"line":26,"column":27}},"12":{"start":{"line":27,"column":22},"end":{"line":27,"column":23}},"13":{"start":{"line":28,"column":24},"end":{"line":28,"column":25}},"14":{"start":{"line":29,"column":24},"end":{"line":29,"column":25}},"15":{"start":{"line":30,"column":23},"end":{"line":30,"column":25}},"16":{"start":{"line":31,"column":2},"end":{"line":31,"column":31}},"17":{"start":{"line":32,"column":2},"end":{"line":40,"column":null}},"18":{"start":{"line":32,"column":23},"end":{"line":32,"column":24}},"19":{"start":{"line":33,"column":4},"end":{"line":33,"column":32}},"20":{"start":{"line":34,"column":4},"end":{"line":36,"column":null}},"21":{"start":{"line":35,"column":6},"end":{"line":35,"column":19}},"22":{"start":{"line":37,"column":4},"end":{"line":37,"column":30}},"23":{"start":{"line":38,"column":4},"end":{"line":38,"column":39}},"24":{"start":{"line":39,"column":4},"end":{"line":39,"column":8}},"25":{"start":{"line":41,"column":2},"end":{"line":41,"column":25}},"26":{"start":{"line":42,"column":2},"end":{"line":42,"column":23}},"27":{"start":{"line":43,"column":2},"end":{"line":45,"column":null}},"28":{"start":{"line":44,"column":4},"end":{"line":44,"column":16}},"29":{"start":{"line":46,"column":2},"end":{"line":46,"column":9}},"30":{"start":{"line":47,"column":2},"end":{"line":47,"column":16}},"31":{"start":{"line":48,"column":2},"end":{"line":48,"column":28}},"32":{"start":{"line":49,"column":2},"end":{"line":54,"column":null}},"33":{"start":{"line":49,"column":23},"end":{"line":49,"column":24}},"34":{"start":{"line":50,"column":4},"end":{"line":50,"column":32}},"35":{"start":{"line":51,"column":4},"end":{"line":51,"column":30}},"36":{"start":{"line":52,"column":4},"end":{"line":52,"column":39}},"37":{"start":{"line":53,"column":4},"end":{"line":53,"column":8}},"38":{"start":{"line":55,"column":2},"end":{"line":55,"column":25}},"39":{"start":{"line":56,"column":2},"end":{"line":56,"column":23}},"40":{"start":{"line":57,"column":2},"end":{"line":59,"column":null}},"41":{"start":{"line":58,"column":4},"end":{"line":58,"column":16}},"42":{"start":{"line":60,"column":2},"end":{"line":60,"column":28}},"43":{"start":{"line":61,"column":2},"end":{"line":65,"column":null}},"44":{"start":{"line":62,"column":4},"end":{"line":62,"column":17}},"45":{"start":{"line":64,"column":4},"end":{"line":64,"column":16}},"46":{"start":{"line":1,"column":13},"end":{"line":1,"column":26}}},"fnMap":{"0":{"name":"(anonymous_0)","decl":{"start":{"line":1,"column":26},"end":{"line":1,"column":27}},"loc":{"start":{"line":1,"column":51},"end":{"line":66,"column":1}}}},"branchMap":{"0":{"loc":{"start":{"line":2,"column":2},"end":{"line":4,"column":null}},"type":"if","locations":[{"start":{"line":2,"column":2},"end":{"line":4,"column":null}},{"start":{"line":2,"column":2},"end":{"line":4,"column":null}}]},"1":{"loc":{"start":{"line":5,"column":2},"end":{"line":7,"column":null}},"type":"if","locations":[{"start":{"line":5,"column":2},"end":{"line":7,"column":null}},{"start":{"line":5,"column":2},"end":{"line":7,"column":null}}]},"2":{"loc":{"start":{"line":8,"column":2},"end":{"line":21,"column":null}},"type":"if","locations":[{"start":{"line":8,"column":2},"end":{"line":21,"column":null}},{"start":{"line":8,"column":2},"end":{"line":21,"column":null}}]},"3":{"loc":{"start":{"line":9,"column":4},"end":{"line":9,"column":24}},"type":"binary-expr","locations":[{"start":{"line":9,"column":4},"end":{"line":9,"column":24}},{"start":{"line":10,"column":4},"end":{"line":10,"column":24}},{"start":{"line":11,"column":4},"end":{"line":11,"column":24}},{"start":{"line":12,"column":4},"end":{"line":12,"column":24}},{"start":{"line":13,"column":4},"end":{"line":13,"column":24}},{"start":{"line":14,"column":4},"end":{"line":14,"column":24}},{"start":{"line":15,"column":4},"end":{"line":15,"column":24}},{"start":{"line":16,"column":4},"end":{"line":16,"column":24}},{"start":{"line":17,"column":4},"end":{"line":17,"column":24}},{"start":{"line":18,"column":4},"end":{"line":18,"column":24}}]},"4":{"loc":{"start":{"line":34,"column":4},"end":{"line":36,"column":null}},"type":"if","locations":[{"start":{"line":34,"column":4},"end":{"line":36,"column":null}},{"start":{"line":34,"column":4},"end":{"line":36,"column":null}}]},"5":{"loc":{"start":{"line":43,"column":2},"end":{"line":45,"column":null}},"type":"if","locations":[{"start":{"line":43,"column":2},"end":{"line":45,"column":null}},{"start":{"line":43,"column":2},"end":{"line":45,"column":null}}]},"6":{"loc":{"start":{"line":57,"column":2},"end":{"line":59,"column":null}},"type":"if","locations":[{"start":{"line":57,"column":2},"end":{"line":59,"column":null}},{"start":{"line":57,"column":2},"end":{"line":59,"column":null}}]},"7":{"loc":{"start":{"line":61,"column":2},"end":{"line":65,"column":null}},"type":"if","locations":[{"start":{"line":61,"column":2},"end":{"line":65,"column":null}},{"start":{"line":61,"column":2},"end":{"line":65,"column":null}}]}},"s":{"0":1,"1":0,"2":0,"3":0,"4":0,"5":0,"6":0,"7":0,"8":0,"9":0,"10":0,"11":0,"12":0,"13":0,"14":0,"15":0,"16":0,"17":0,"18":0,"19":0,"20":0,"21":0,"22":0,"23":0,"24":0,"25":0,"26":0,"27":0,"28":0,"29":0,"30":0,"31":0,"32":0,"33":0,"34":0,"35":0,"36":0,"37":0,"38":0,"39":0,"40":0,"41":0,"42":0,"43":0,"44":0,"45":0,"46":1},"f":{"0":0},"b":{"0":[0,0],"1":[0,0],"2":[0,0],"3":[0,0,0,0,0,0,0,0,0,0],"4":[0,0],"5":[0,0],"6":[0,0],"7":[0,0]}}
,"/home/tlfreire/Documentos/programacao/growdev/aulas-julho/arquitetura-projetos/src/utils/index.ts": {"path":"/home/tlfreire/Documentos/programacao/growdev/aulas-julho/arquitetura-projetos/src/utils/index.ts","statementMap":{"0":{"start":{"line":1,"column":0},"end":{"line":1,"column":37}}},"fnMap":{},"branchMap":{},"s":{"0":1},"f":{},"b":{}}
}
